2025-05-27 12:30:28.366 [info] [main] Log level: Info
2025-05-27 12:30:28.366 [info] [main] Validating found git in: "git"
2025-05-27 12:30:28.366 [info] [main] Using git "2.47.2" from "git"
2025-05-27 12:30:28.366 [info] [Model][doInitialScan] Initial repository scan started
2025-05-27 12:30:28.366 [info] > git rev-parse --show-toplevel [6ms]
2025-05-27 12:30:28.366 [info] fatal: not a git repository (or any of the parent directories): .git
2025-05-27 12:30:28.366 [info] > git rev-parse --show-toplevel [19ms]
2025-05-27 12:30:28.366 [info] fatal: not a git repository (or any of the parent directories): .git
2025-05-27 12:30:28.371 [info] > git rev-parse --show-toplevel [1ms]
2025-05-27 12:30:28.371 [info] fatal: not a git repository (or any of the parent directories): .git
2025-05-27 12:30:28.376 [info] > git rev-parse --show-toplevel [1ms]
2025-05-27 12:30:28.376 [info] fatal: not a git repository (or any of the parent directories): .git
2025-05-27 12:30:28.381 [info] > git rev-parse --show-toplevel [1ms]
2025-05-27 12:30:28.381 [info] fatal: not a git repository (or any of the parent directories): .git
2025-05-27 12:30:28.385 [info] > git rev-parse --show-toplevel [1ms]
2025-05-27 12:30:28.385 [info] fatal: not a git repository (or any of the parent directories): .git
2025-05-27 12:30:28.390 [info] > git rev-parse --show-toplevel [1ms]
2025-05-27 12:30:28.390 [info] fatal: not a git repository (or any of the parent directories): .git
2025-05-27 12:30:28.396 [info] > git rev-parse --show-toplevel [2ms]
2025-05-27 12:30:28.396 [info] fatal: not a git repository (or any of the parent directories): .git
2025-05-27 12:30:28.399 [info] [Model][doInitialScan] Initial repository scan completed - repositories (0), closed repositories (0), parent repositories (0), unsafe repositories (0)
2025-05-27 12:30:29.112 [info] > git rev-parse --show-toplevel [1ms]
2025-05-27 12:30:29.112 [info] fatal: not a git repository (or any of the parent directories): .git
2025-05-27 12:44:52.311 [info] > git rev-parse --show-toplevel [27ms]
2025-05-27 12:44:52.311 [info] fatal: not a git repository (or any of the parent directories): .git
