2025-05-26 00:25:34.338 [error] #16: https://main.vscode-cdn.net/extensions/chat.json - error GET Failed to fetch
2025-05-26 00:25:40.494 [error] #1: https://marketplace.visualstudio.com/_apis/public/gallery/vscode/mechatroner/rainbow-csv/latest - error GET Fetch timeout: 10000ms
2025-05-26 00:25:40.497 [error] #2: https://marketplace.visualstudio.com/_apis/public/gallery/vscode/ms-python/debugpy/latest - error GET Fetch timeout: 10000ms
2025-05-26 00:25:40.498 [error] #3: https://marketplace.visualstudio.com/_apis/public/gallery/vscode/ms-python/python/latest - error GET Fetch timeout: 10000ms
2025-05-26 00:25:40.499 [error] #4: https://marketplace.visualstudio.com/_apis/public/gallery/vscode/ms-python/vscode-pylance/latest - error GET Fetch timeout: 10000ms
2025-05-26 00:25:40.499 [error] #5: https://marketplace.visualstudio.com/_apis/public/gallery/vscode/oracle/oracle-java/latest - error GET Fetch timeout: 10000ms
2025-05-26 00:25:40.500 [error] #6: https://marketplace.visualstudio.com/_apis/public/gallery/vscode/redhat/java/latest - error GET Fetch timeout: 10000ms
2025-05-26 00:25:40.501 [error] #7: https://marketplace.visualstudio.com/_apis/public/gallery/vscode/sidthesloth/html5-boilerplate/latest - error GET Fetch timeout: 10000ms
2025-05-26 00:25:40.501 [error] #8: https://marketplace.visualstudio.com/_apis/public/gallery/vscode/visualstudioexptteam/intellicode-api-usage-examples/latest - error GET Fetch timeout: 10000ms
2025-05-26 00:25:40.502 [error] #9: https://marketplace.visualstudio.com/_apis/public/gallery/vscode/visualstudioexptteam/vscodeintellicode/latest - error GET Fetch timeout: 10000ms
2025-05-26 00:25:40.503 [error] #10: https://marketplace.visualstudio.com/_apis/public/gallery/vscode/vscjava/vscode-gradle/latest - error GET Fetch timeout: 10000ms
2025-05-26 00:25:40.504 [error] #11: https://marketplace.visualstudio.com/_apis/public/gallery/vscode/vscjava/vscode-java-debug/latest - error GET Fetch timeout: 10000ms
2025-05-26 00:25:40.509 [error] #12: https://marketplace.visualstudio.com/_apis/public/gallery/vscode/vscjava/vscode-java-dependency/latest - error GET Fetch timeout: 10000ms
2025-05-26 00:25:40.510 [error] #13: https://marketplace.visualstudio.com/_apis/public/gallery/vscode/vscjava/vscode-java-pack/latest - error GET Fetch timeout: 10000ms
2025-05-26 00:25:40.511 [error] #14: https://marketplace.visualstudio.com/_apis/public/gallery/vscode/vscjava/vscode-java-test/latest - error GET Fetch timeout: 10000ms
2025-05-26 00:25:40.513 [error] #15: https://marketplace.visualstudio.com/_apis/public/gallery/vscode/vscjava/vscode-maven/latest - error GET Fetch timeout: 10000ms
2025-05-26 00:25:43.244 [error] #20: https://www.vscode-unpkg.net/_gallery/ms-python/vscode-pylance/latest - error GET Failed to fetch
2025-05-26 00:25:43.246 [error] #24: https://www.vscode-unpkg.net/_gallery/visualstudioexptteam/intellicode-api-usage-examples/latest - error GET Failed to fetch
2025-05-26 00:25:43.247 [error] #18: https://www.vscode-unpkg.net/_gallery/ms-python/debugpy/latest - error GET Failed to fetch
2025-05-26 00:25:43.247 [error] #21: https://www.vscode-unpkg.net/_gallery/oracle/oracle-java/latest - error GET Failed to fetch
2025-05-26 00:25:43.248 [error] #25: https://www.vscode-unpkg.net/_gallery/visualstudioexptteam/vscodeintellicode/latest - error GET Failed to fetch
2025-05-26 00:25:43.248 [error] #19: https://www.vscode-unpkg.net/_gallery/ms-python/python/latest - error GET Failed to fetch
2025-05-26 00:25:43.248 [error] #17: https://www.vscode-unpkg.net/_gallery/mechatroner/rainbow-csv/latest - error GET Failed to fetch
2025-05-26 00:25:43.249 [error] #22: https://www.vscode-unpkg.net/_gallery/redhat/java/latest - error GET Failed to fetch
2025-05-26 00:25:43.249 [error] #31: https://www.vscode-unpkg.net/_gallery/vscjava/vscode-maven/latest - error GET Failed to fetch
2025-05-26 00:25:43.249 [error] #30: https://www.vscode-unpkg.net/_gallery/vscjava/vscode-java-test/latest - error GET Failed to fetch
2025-05-26 00:25:43.250 [error] #29: https://www.vscode-unpkg.net/_gallery/vscjava/vscode-java-pack/latest - error GET Failed to fetch
2025-05-26 00:25:43.250 [error] #28: https://www.vscode-unpkg.net/_gallery/vscjava/vscode-java-dependency/latest - error GET Failed to fetch
2025-05-26 00:25:43.250 [error] #23: https://www.vscode-unpkg.net/_gallery/sidthesloth/html5-boilerplate/latest - error GET Failed to fetch
2025-05-26 00:25:43.251 [error] #26: https://www.vscode-unpkg.net/_gallery/vscjava/vscode-gradle/latest - error GET Failed to fetch
2025-05-26 00:25:43.251 [error] #27: https://www.vscode-unpkg.net/_gallery/vscjava/vscode-java-debug/latest - error GET Failed to fetch
