2025-05-26 00:25:18.935 [info] Extension host with pid 30309 started
2025-05-26 00:25:19.111 [info] ExtensionService#_doActivateExtension vscode.github-authentication, startup: false, activationEvent: 'onAuthenticationRequest:github'
2025-05-26 00:25:19.162 [info] ExtensionService#_doActivateExtension vscode.git-base, startup: true, activationEvent: '*', root cause: vscode.git
2025-05-26 00:25:19.167 [info] ExtensionService#_doActivateExtension vscode.git, startup: true, activationEvent: '*'
2025-05-26 00:25:19.211 [info] ExtensionService#_doActivateExtension vscode.github, startup: true, activationEvent: '*'
2025-05-26 00:25:19.300 [info] Eager extensions activated
2025-05-26 00:25:19.320 [info] ExtensionService#_doActivateExtension vscode.debug-auto-launch, startup: false, activationEvent: 'onStartupFinished'
2025-05-26 00:25:19.322 [info] ExtensionService#_doActivateExtension vscode.merge-conflict, startup: false, activationEvent: 'onStartupFinished'
2025-05-26 00:25:27.562 [info] Extension host terminating: renderer closed the MessagePort
2025-05-26 00:25:27.573 [info] Extension host with pid 30309 exiting with code 0
2025-05-26 00:25:28.371 [info] Extension host with pid 30460 started
2025-05-26 00:25:28.371 [info] Skipping acquiring lock for /root/Downloads/Kards10/~/.vscode-root/User/workspaceStorage/5a5ba26b259a105dab313b01128ae20b.
2025-05-26 00:25:28.397 [info] ExtensionService#_doActivateExtension vscode.github-authentication, startup: false, activationEvent: 'onAuthenticationRequest:github'
2025-05-26 00:25:28.499 [info] ExtensionService#_doActivateExtension vscode.git-base, startup: true, activationEvent: '*'
2025-05-26 00:25:28.569 [info] ExtensionService#_doActivateExtension vscode.github, startup: true, activationEvent: '*'
2025-05-26 00:25:28.614 [info] Eager extensions activated
2025-05-26 00:25:28.678 [info] ExtensionService#_doActivateExtension vscode.debug-auto-launch, startup: false, activationEvent: 'onStartupFinished'
2025-05-26 00:25:28.680 [info] ExtensionService#_doActivateExtension vscode.merge-conflict, startup: false, activationEvent: 'onStartupFinished'
2025-05-26 00:25:30.432 [info] ExtensionService#_doActivateExtension vscode.git, startup: false, activationEvent: 'api', root cause: vscode.github
2025-05-26 00:25:34.571 [info] ExtensionService#_doActivateExtension vscode.html-language-features, startup: false, activationEvent: 'onLanguage:html'
2025-05-26 00:25:34.630 [info] ExtensionService#_doActivateExtension vscode.emmet, startup: false, activationEvent: 'onLanguage'
2025-05-26 01:32:56.666 [info] Extension host terminating: renderer closed the MessagePort
2025-05-26 01:32:56.680 [info] Extension host with pid 30460 exiting with code 0
