2025-05-26 00:25:19.306 [info] [main] Log level: Info
2025-05-26 00:25:19.306 [info] [main] Validating found git in: "git"
2025-05-26 00:25:19.306 [info] [main] Using git "2.47.2" from "git"
2025-05-26 00:25:19.306 [info] [Model][doInitialScan] Initial repository scan started
2025-05-26 00:25:19.306 [info] [Model][doInitialScan] Initial repository scan completed - repositories (0), closed repositories (0), parent repositories (0), unsafe repositories (0)
2025-05-26 00:25:30.606 [info] [main] Log level: Info
2025-05-26 00:25:30.606 [info] [main] Validating found git in: "git"
2025-05-26 00:25:30.606 [info] [main] Using git "2.47.2" from "git"
2025-05-26 00:25:30.606 [info] [Model][doInitialScan] Initial repository scan started
2025-05-26 00:25:30.606 [info] > git rev-parse --show-toplevel [2ms]
2025-05-26 00:25:30.606 [info] fatal: not a git repository (or any of the parent directories): .git
2025-05-26 00:25:30.610 [info] > git rev-parse --show-toplevel [5ms]
2025-05-26 00:25:30.610 [info] fatal: not a git repository (or any of the parent directories): .git
2025-05-26 00:25:30.621 [info] > git rev-parse --show-toplevel [1ms]
2025-05-26 00:25:30.621 [info] fatal: not a git repository (or any of the parent directories): .git
2025-05-26 00:25:30.626 [info] > git rev-parse --show-toplevel [1ms]
2025-05-26 00:25:30.626 [info] fatal: not a git repository (or any of the parent directories): .git
2025-05-26 00:25:30.631 [info] > git rev-parse --show-toplevel [1ms]
2025-05-26 00:25:30.631 [info] fatal: not a git repository (or any of the parent directories): .git
2025-05-26 00:25:30.636 [info] > git rev-parse --show-toplevel [0ms]
2025-05-26 00:25:30.636 [info] fatal: not a git repository (or any of the parent directories): .git
2025-05-26 00:25:30.642 [info] > git rev-parse --show-toplevel [2ms]
2025-05-26 00:25:30.642 [info] fatal: not a git repository (or any of the parent directories): .git
2025-05-26 00:25:30.647 [info] > git rev-parse --show-toplevel [1ms]
2025-05-26 00:25:30.647 [info] fatal: not a git repository (or any of the parent directories): .git
2025-05-26 00:25:30.650 [info] [Model][doInitialScan] Initial repository scan completed - repositories (0), closed repositories (0), parent repositories (0), unsafe repositories (0)
2025-05-26 00:25:34.525 [info] > git rev-parse --show-toplevel [1ms]
2025-05-26 00:25:34.525 [info] fatal: not a git repository (or any of the parent directories): .git
