2025-05-27 15:52:44.554 [info] [main] Log level: Info
2025-05-27 15:52:44.554 [info] [main] Validating found git in: "git"
2025-05-27 15:52:44.554 [info] [main] Using git "2.47.2" from "git"
2025-05-27 15:52:44.554 [info] [Model][doInitialScan] Initial repository scan started
2025-05-27 15:52:44.554 [info] > git rev-parse --show-toplevel [14ms]
2025-05-27 15:52:44.554 [info] fatal: not a git repository (or any of the parent directories): .git
2025-05-27 15:52:44.554 [info] > git rev-parse --show-toplevel [18ms]
2025-05-27 15:52:44.554 [info] fatal: not a git repository (or any of the parent directories): .git
2025-05-27 15:52:44.560 [info] > git rev-parse --show-toplevel [2ms]
2025-05-27 15:52:44.560 [info] fatal: not a git repository (or any of the parent directories): .git
2025-05-27 15:52:44.564 [info] > git rev-parse --show-toplevel [0ms]
2025-05-27 15:52:44.564 [info] fatal: not a git repository (or any of the parent directories): .git
2025-05-27 15:52:44.570 [info] > git rev-parse --show-toplevel [0ms]
2025-05-27 15:52:44.570 [info] fatal: not a git repository (or any of the parent directories): .git
2025-05-27 15:52:44.573 [info] > git rev-parse --show-toplevel [1ms]
2025-05-27 15:52:44.573 [info] fatal: not a git repository (or any of the parent directories): .git
2025-05-27 15:52:44.580 [info] > git rev-parse --show-toplevel [0ms]
2025-05-27 15:52:44.580 [info] fatal: not a git repository (or any of the parent directories): .git
2025-05-27 15:52:44.587 [info] > git rev-parse --show-toplevel [4ms]
2025-05-27 15:52:44.587 [info] fatal: not a git repository (or any of the parent directories): .git
2025-05-27 15:52:44.589 [info] [Model][doInitialScan] Initial repository scan completed - repositories (0), closed repositories (0), parent repositories (0), unsafe repositories (0)
2025-05-27 15:52:45.162 [info] > git rev-parse --show-toplevel [1ms]
2025-05-27 15:52:45.162 [info] fatal: not a git repository (or any of the parent directories): .git
2025-05-27 16:35:27.810 [info] > git rev-parse --show-toplevel [1ms]
2025-05-27 16:35:27.810 [info] fatal: not a git repository (or any of the parent directories): .git
2025-05-27 16:35:44.110 [info] > git rev-parse --show-toplevel [1ms]
2025-05-27 16:35:44.110 [info] fatal: not a git repository (or any of the parent directories): .git
2025-05-27 16:36:06.711 [info] > git rev-parse --show-toplevel [1ms]
2025-05-27 16:36:06.711 [info] fatal: not a git repository (or any of the parent directories): .git
2025-05-27 16:36:10.680 [info] > git rev-parse --show-toplevel [1ms]
2025-05-27 16:36:10.680 [info] fatal: not a git repository (or any of the parent directories): .git
2025-05-27 16:40:42.821 [info] > git rev-parse --show-toplevel [1ms]
2025-05-27 16:40:42.821 [info] fatal: not a git repository (or any of the parent directories): .git
